生成启动时间为 2018/8/30 21:13:13。
     1>项目“F:\OSGprojects\osgproject\osg_renderbytxt\osg_renderbytxt\osg_renderbytxt.vcxproj”在节点 2 上(build 个目标)。
       项目文件包含 ToolsVersion="12.0"。此工具集可能未知或缺失。在这种情况下，通过安装 MSBuild 的正确版本，或许可以解决此问题。否则，该 build 可能已因策略原因而被强制为某个特定 ToolsVersion。将该项目视为其已具有 ToolsVersion="4.0"。有关详细信息，请参阅 http://go.microsoft.com/fwlink/?LinkId=291333。
     1>InitializeBuildStatus:
         正在创建“x64\Debug\osg_renderbytxt.unsuccessfulbuild”，因为已指定“AlwaysCreate”。
       ClCompile:
         E:\VS2010\VC\bin\x86_amd64\CL.exe /c /Zi /nologo /W3 /WX- /Od /D WIN32 /D _DEBUG /D _CONSOLE /D _LIB /D _UNICODE /D UNICODE /Gm /EHsc /RTC1 /MDd /GS /fp:precise /Zc:wchar_t /Zc:forScope /Fo"x64\Debug\\" /Fd"x64\Debug\vc100.pdb" /Gd /TP /errorReport:prompt main.cpp
         main.cpp
       ManifestResourceCompile:
         所有输出均为最新。
       Link:
         E:\VS2010\VC\bin\x86_amd64\link.exe /ERRORREPORT:PROMPT /OUT:"F:\OSGprojects\osgproject\osg_renderbytxt\x64\Debug\osg_renderbytxt.exe" /INCREMENTAL /NOLOGO OpenThreadsd.lib osgd.lib osgDBd.lib osgFXd.lib osgGAd.lib osgManipulatord.lib osgParticled.lib osgShadowd.lib osgSimd.lib osgTerraind.lib osgTextd.lib osgUtild.lib osgViewerd.lib kernel32.lib user32.lib gdi32.lib winspool.lib comdlg32.lib advapi32.lib shell32.lib ole32.lib oleaut32.lib uuid.lib odbc32.lib odbccp32.lib /MANIFEST /ManifestFile:"x64\Debug\osg_renderbytxt.exe.intermediate.manifest" /MANIFESTUAC:"level='asInvoker' uiAccess='false'" /DEBUG /PDB:"F:\OSGprojects\osgproject\osg_renderbytxt\x64\Debug\osg_renderbytxt.pdb" /SUBSYSTEM:CONSOLE /TLBID:1 /DYNAMICBASE /NXCOMPAT /IMPLIB:"F:\OSGprojects\osgproject\osg_renderbytxt\x64\Debug\osg_renderbytxt.lib" /MACHINE:X64 x64\Debug\osg_renderbytxt.exe.embed.manifest.res
         x64\Debug\main.obj
         x64\Debug\NodeVisitor.obj
         osg_renderbytxt.vcxproj -> F:\OSGprojects\osgproject\osg_renderbytxt\x64\Debug\osg_renderbytxt.exe
       Manifest:
         C:\Program Files (x86)\Microsoft SDKs\Windows\v7.0A\bin\mt.exe /nologo /verbose /out:"x64\Debug\osg_renderbytxt.exe.embed.manifest" /manifest x64\Debug\osg_renderbytxt.exe.intermediate.manifest
         所有输出均为最新。
       LinkEmbedManifest:
         所有输出均为最新。
         osg_renderbytxt.vcxproj -> F:\OSGprojects\osgproject\osg_renderbytxt\x64\Debug\osg_renderbytxt.exe
       FinalizeBuildStatus:
         正在删除文件“x64\Debug\osg_renderbytxt.unsuccessfulbuild”。
         正在对“x64\Debug\osg_renderbytxt.lastbuildstate”执行 Touch 任务。
     1>已完成生成项目“F:\OSGprojects\osgproject\osg_renderbytxt\osg_renderbytxt\osg_renderbytxt.vcxproj”(build 个目标)的操作。

生成成功。

已用时间 00:00:05.06
