F:\OSGprojects\osgproject\osg_renderbytxt\osg_renderbytxt\x64\Debug\cl.command.1.tlog
F:\OSGprojects\osgproject\osg_renderbytxt\osg_renderbytxt\x64\Debug\CL.read.1.tlog
F:\OSGprojects\osgproject\osg_renderbytxt\osg_renderbytxt\x64\Debug\CL.write.1.tlog
F:\OSGprojects\osgproject\osg_renderbytxt\osg_renderbytxt\x64\Debug\link.8004.read.1.tlog
F:\OSGprojects\osgproject\osg_renderbytxt\osg_renderbytxt\x64\Debug\link.8004.write.1.tlog
F:\OSGprojects\osgproject\osg_renderbytxt\osg_renderbytxt\x64\Debug\link.8004-cvtres.read.1.tlog
F:\OSGprojects\osgproject\osg_renderbytxt\osg_renderbytxt\x64\Debug\link.8004-cvtres.write.1.tlog
F:\OSGprojects\osgproject\osg_renderbytxt\osg_renderbytxt\x64\Debug\link.command.1.tlog
F:\OSGprojects\osgproject\osg_renderbytxt\osg_renderbytxt\x64\Debug\link.read.1.tlog
F:\OSGprojects\osgproject\osg_renderbytxt\osg_renderbytxt\x64\Debug\link.write.1.tlog
F:\OSGprojects\osgproject\osg_renderbytxt\osg_renderbytxt\x64\Debug\link-cvtres.read.1.tlog
F:\OSGprojects\osgproject\osg_renderbytxt\osg_renderbytxt\x64\Debug\link-cvtres.write.1.tlog
F:\OSGPROJECTS\OSGPROJECT\OSG_RENDERBYTXT\OSG_RENDERBYTXT\X64\DEBUG\MAIN.OBJ
F:\OSGprojects\osgproject\osg_renderbytxt\osg_renderbytxt\x64\Debug\mt.command.1.tlog
F:\OSGprojects\osgproject\osg_renderbytxt\osg_renderbytxt\x64\Debug\mt.read.1.tlog
F:\OSGprojects\osgproject\osg_renderbytxt\osg_renderbytxt\x64\Debug\mt.write.1.tlog
F:\OSGPROJECTS\OSGPROJECT\OSG_RENDERBYTXT\OSG_RENDERBYTXT\X64\DEBUG\NODEVISITOR.OBJ
F:\OSGPROJECTS\OSGPROJECT\OSG_RENDERBYTXT\OSG_RENDERBYTXT\X64\DEBUG\OSG_RENDERBYTXT.EXE.EMBED.MANIFEST
F:\OSGPROJECTS\OSGPROJECT\OSG_RENDERBYTXT\OSG_RENDERBYTXT\X64\DEBUG\OSG_RENDERBYTXT.EXE.EMBED.MANIFEST.RES
F:\OSGPROJECTS\OSGPROJECT\OSG_RENDERBYTXT\OSG_RENDERBYTXT\X64\DEBUG\OSG_RENDERBYTXT.EXE.INTERMEDIATE.MANIFEST
F:\OSGprojects\osgproject\osg_renderbytxt\osg_renderbytxt\x64\Debug\osg_renderbytxt.vcxprojResolveAssemblyReference.cache
F:\OSGprojects\osgproject\osg_renderbytxt\osg_renderbytxt\x64\Debug\osg_renderbytxt.write.1.tlog
F:\OSGprojects\osgproject\osg_renderbytxt\osg_renderbytxt\x64\Debug\osg_renderbytxt_manifest.rc
F:\OSGprojects\osgproject\osg_renderbytxt\osg_renderbytxt\x64\Debug\rc.command.1.tlog
F:\OSGprojects\osgproject\osg_renderbytxt\osg_renderbytxt\x64\Debug\rc.read.1.tlog
F:\OSGprojects\osgproject\osg_renderbytxt\osg_renderbytxt\x64\Debug\rc.write.1.tlog
F:\OSGprojects\osgproject\osg_renderbytxt\osg_renderbytxt\x64\Debug\vc100.idb
F:\OSGPROJECTS\OSGPROJECT\OSG_RENDERBYTXT\OSG_RENDERBYTXT\X64\DEBUG\VC100.PDB
F:\OSGPROJECTS\OSGPROJECT\OSG_RENDERBYTXT\X64\DEBUG\OSG_RENDERBYTXT.EXE
F:\OSGPROJECTS\OSGPROJECT\OSG_RENDERBYTXT\X64\DEBUG\OSG_RENDERBYTXT.ILK
F:\OSGPROJECTS\OSGPROJECT\OSG_RENDERBYTXT\X64\DEBUG\OSG_RENDERBYTXT.PDB
