生成启动时间为 2018/8/30 20:22:23。
     1>项目“F:\OSGprojects\osgproject\osg_renderbytxt\osg_renderbytxt\osg_renderbytxt.vcxproj”在节点 2 上(build 个目标)。
       项目文件包含 ToolsVersion="12.0"。此工具集可能未知或缺失。在这种情况下，通过安装 MSBuild 的正确版本，或许可以解决此问题。否则，该 build 可能已因策略原因而被强制为某个特定 ToolsVersion。将该项目视为其已具有 ToolsVersion="4.0"。有关详细信息，请参阅 http://go.microsoft.com/fwlink/?LinkId=291333。
     1>InitializeBuildStatus:
         正在对“Debug\osg_renderbytxt.unsuccessfulbuild”执行 Touch 任务。
       ClCompile:
         E:\VS2010\VC\bin\CL.exe /c /ZI /nologo /W3 /WX- /Od /Oy- /D WIN32 /D _DEBUG /D _CONSOLE /D _LIB /D _UNICODE /D UNICODE /Gm /EHsc /RTC1 /MDd /GS /fp:precise /Zc:wchar_t /Zc:forScope /Fo"Debug\\" /Fd"Debug\vc100.pdb" /Gd /TP /analyze- /errorReport:prompt NodeVisitor.cpp main.cpp
         main.cpp
     1>f:\osgprojects\osgproject\osg_renderbytxt\osg_renderbytxt\main.cpp(625): warning C4018: “<”: 有符号/无符号不匹配
         NodeVisitor.cpp
     1>f:\osgprojects\osgproject\osg_renderbytxt\osg_renderbytxt\nodevisitor.cpp(221): warning C4060: switch 语句没有包含“case”或“default”标签
         正在生成代码...
       ManifestResourceCompile:
         C:\Program Files (x86)\Microsoft SDKs\Windows\v7.0A\bin\rc.exe /nologo /fo"Debug\osg_renderbytxt.exe.embed.manifest.res" Debug\osg_renderbytxt_manifest.rc 
       Link:
         E:\VS2010\VC\bin\link.exe /ERRORREPORT:PROMPT /OUT:"F:\OSGprojects\osgproject\osg_renderbytxt\Debug\osg_renderbytxt.exe" /INCREMENTAL /NOLOGO OpenThreadsd.lib osgd.lib osgDBd.lib osgFXd.lib osgGAd.lib osgManipulatord.lib osgParticled.lib osgShadowd.lib osgSimd.lib osgTerraind.lib osgTextd.lib osgUtild.lib osgViewerd.lib kernel32.lib user32.lib gdi32.lib winspool.lib comdlg32.lib advapi32.lib shell32.lib ole32.lib oleaut32.lib uuid.lib odbc32.lib odbccp32.lib /MANIFEST /ManifestFile:"Debug\osg_renderbytxt.exe.intermediate.manifest" /MANIFESTUAC:"level='asInvoker' uiAccess='false'" /DEBUG /PDB:"F:\OSGprojects\osgproject\osg_renderbytxt\Debug\osg_renderbytxt.pdb" /SUBSYSTEM:CONSOLE /TLBID:1 /DYNAMICBASE /NXCOMPAT /IMPLIB:"F:\OSGprojects\osgproject\osg_renderbytxt\Debug\osg_renderbytxt.lib" /MACHINE:X86 Debug\osg_renderbytxt.exe.embed.manifest.res
         Debug\main.obj
         Debug\NodeVisitor.obj
     1>osgd.lib(osg100-osgd.dll) : fatal error LNK1112: 模块计算机类型“x64”与目标计算机类型“X86”冲突
     1>已完成生成项目“F:\OSGprojects\osgproject\osg_renderbytxt\osg_renderbytxt\osg_renderbytxt.vcxproj”(build 个目标)的操作 - 失败。

生成失败。

已用时间 00:00:09.33
